生成启动时间为 2016/5/5 13:08:10。
     1>项目“E:\_SVN\07_C++组\C++\Project\VYExamClient\trunk\08_编码及单元测试\3rdParty\zlib-1.2.8\build-msvc2013\zlibstatic.vcxproj”在节点 3 上(Rebuild 个目标)。
     1>_PrepareForClean:
         正在删除文件“zlibstatic.dir\Debug\zlibstatic.tlog\zlibstatic.lastbuildstate”。
       InitializeBuildStatus:
         正在创建“zlibstatic.dir\Debug\zlibstatic.tlog\unsuccessfulbuild”，因为已指定“AlwaysCreate”。
       CustomBuild:
         Building Custom Rule C:/_GitHub/zlib-1.2.8/CMakeLists.txt
         CMake does not need to re-run because C:\_GitHub\zlib-1.2.8\build-msvc2013\CMakeFiles\generate.stamp is up-to-date.
       ClCompile:
         C:\Program Files (x86)\Microsoft Visual Studio 12.0\VC\bin\CL.exe /c /I..\ /I"..\\build-msvc2013" /Zi /nologo /W3 /WX- /Od /Ob0 /Oy- /D WIN32 /D _WINDOWS /D _DEBUG /D NO_FSEEKO /D _CRT_SECURE_NO_DEPRECATE /D _CRT_NONSTDC_NO_DEPRECATE /D "CMAKE_INTDIR=\"Debug\"" /D _MBCS /Gm- /RTC1 /MDd /GS /fp:precise /Zc:wchar_t /Zc:forScope /Fo"zlibstatic.dir\Debug\\" /Fd"zlibstatic.dir\Debug\vc120.pdb" /Gd /TC /analyze- /errorReport:prompt ..\adler32.c ..\compress.c ..\crc32.c ..\deflate.c ..\gzclose.c ..\gzlib.c ..\gzread.c ..\gzwrite.c ..\inflate.c ..\infback.c ..\inftrees.c ..\inffast.c ..\trees.c ..\uncompr.c ..\zutil.c
         adler32.c
         compress.c
         crc32.c
         deflate.c
         gzclose.c
         gzlib.c
         gzread.c
         gzwrite.c
         inflate.c
         infback.c
         inftrees.c
         inffast.c
         trees.c
         uncompr.c
         zutil.c
         正在生成代码...
       Lib:
         C:\Program Files (x86)\Microsoft Visual Studio 12.0\VC\bin\Lib.exe /OUT:"E:\_SVN\07_C++组\C++\Project\VYExamClient\trunk\08_编码及单元测试\3rdParty\zlib-1.2.8\build-msvc2013\Win32\Debug\zlibstaticd.lib" /NOLOGO zlibstatic.dir\Debug\adler32.obj
         zlibstatic.dir\Debug\compress.obj
         zlibstatic.dir\Debug\crc32.obj
         zlibstatic.dir\Debug\deflate.obj
         zlibstatic.dir\Debug\gzclose.obj
         zlibstatic.dir\Debug\gzlib.obj
         zlibstatic.dir\Debug\gzread.obj
         zlibstatic.dir\Debug\gzwrite.obj
         zlibstatic.dir\Debug\inflate.obj
         zlibstatic.dir\Debug\infback.obj
         zlibstatic.dir\Debug\inftrees.obj
         zlibstatic.dir\Debug\inffast.obj
         zlibstatic.dir\Debug\trees.obj
         zlibstatic.dir\Debug\uncompr.obj
         zlibstatic.dir\Debug\zutil.obj
         zlibstatic.vcxproj -> E:\_SVN\07_C++组\C++\Project\VYExamClient\trunk\08_编码及单元测试\3rdParty\zlib-1.2.8\build-msvc2013\Win32\Debug\zlibstaticd.lib
       FinalizeBuildStatus:
         正在删除文件“zlibstatic.dir\Debug\zlibstatic.tlog\unsuccessfulbuild”。
         正在对“zlibstatic.dir\Debug\zlibstatic.tlog\zlibstatic.lastbuildstate”执行 Touch 任务。
     1>已完成生成项目“E:\_SVN\07_C++组\C++\Project\VYExamClient\trunk\08_编码及单元测试\3rdParty\zlib-1.2.8\build-msvc2013\zlibstatic.vcxproj”(Rebuild 个目标)的操作。

生成成功。

已用时间 00:00:01.30
