e:\_svn\07_c++组\c++\project\vyexamclient\trunk\08_编码及单元测试\3rdparty\zlib-1.2.8\build-msvc2013\zlibstatic.dir\debug\vc120.pdb
e:\_svn\07_c++组\c++\project\vyexamclient\trunk\08_编码及单元测试\3rdparty\zlib-1.2.8\build-msvc2013\zlibstatic.dir\debug\zutil.obj
e:\_svn\07_c++组\c++\project\vyexamclient\trunk\08_编码及单元测试\3rdparty\zlib-1.2.8\build-msvc2013\zlibstatic.dir\debug\uncompr.obj
e:\_svn\07_c++组\c++\project\vyexamclient\trunk\08_编码及单元测试\3rdparty\zlib-1.2.8\build-msvc2013\zlibstatic.dir\debug\trees.obj
e:\_svn\07_c++组\c++\project\vyexamclient\trunk\08_编码及单元测试\3rdparty\zlib-1.2.8\build-msvc2013\zlibstatic.dir\debug\inffast.obj
e:\_svn\07_c++组\c++\project\vyexamclient\trunk\08_编码及单元测试\3rdparty\zlib-1.2.8\build-msvc2013\zlibstatic.dir\debug\inftrees.obj
e:\_svn\07_c++组\c++\project\vyexamclient\trunk\08_编码及单元测试\3rdparty\zlib-1.2.8\build-msvc2013\zlibstatic.dir\debug\infback.obj
e:\_svn\07_c++组\c++\project\vyexamclient\trunk\08_编码及单元测试\3rdparty\zlib-1.2.8\build-msvc2013\zlibstatic.dir\debug\inflate.obj
e:\_svn\07_c++组\c++\project\vyexamclient\trunk\08_编码及单元测试\3rdparty\zlib-1.2.8\build-msvc2013\zlibstatic.dir\debug\gzwrite.obj
e:\_svn\07_c++组\c++\project\vyexamclient\trunk\08_编码及单元测试\3rdparty\zlib-1.2.8\build-msvc2013\zlibstatic.dir\debug\gzread.obj
e:\_svn\07_c++组\c++\project\vyexamclient\trunk\08_编码及单元测试\3rdparty\zlib-1.2.8\build-msvc2013\zlibstatic.dir\debug\gzlib.obj
e:\_svn\07_c++组\c++\project\vyexamclient\trunk\08_编码及单元测试\3rdparty\zlib-1.2.8\build-msvc2013\zlibstatic.dir\debug\gzclose.obj
e:\_svn\07_c++组\c++\project\vyexamclient\trunk\08_编码及单元测试\3rdparty\zlib-1.2.8\build-msvc2013\zlibstatic.dir\debug\deflate.obj
e:\_svn\07_c++组\c++\project\vyexamclient\trunk\08_编码及单元测试\3rdparty\zlib-1.2.8\build-msvc2013\zlibstatic.dir\debug\crc32.obj
e:\_svn\07_c++组\c++\project\vyexamclient\trunk\08_编码及单元测试\3rdparty\zlib-1.2.8\build-msvc2013\zlibstatic.dir\debug\compress.obj
e:\_svn\07_c++组\c++\project\vyexamclient\trunk\08_编码及单元测试\3rdparty\zlib-1.2.8\build-msvc2013\zlibstatic.dir\debug\adler32.obj
c:\_github\zlib-1.2.8\build-msvc2013\cmakefiles\generate.stamp
e:\_svn\07_c++组\c++\project\vyexamclient\trunk\08_编码及单元测试\3rdparty\zlib-1.2.8\build-msvc2013\win32\debug\zlibstaticd.lib
e:\_svn\07_c++组\c++\project\vyexamclient\trunk\08_编码及单元测试\3rdparty\zlib-1.2.8\build-msvc2013\zlibstatic.dir\debug\zlibstatic.tlog\cl.command.1.tlog
e:\_svn\07_c++组\c++\project\vyexamclient\trunk\08_编码及单元测试\3rdparty\zlib-1.2.8\build-msvc2013\zlibstatic.dir\debug\zlibstatic.tlog\cl.read.1.tlog
e:\_svn\07_c++组\c++\project\vyexamclient\trunk\08_编码及单元测试\3rdparty\zlib-1.2.8\build-msvc2013\zlibstatic.dir\debug\zlibstatic.tlog\cl.write.1.tlog
e:\_svn\07_c++组\c++\project\vyexamclient\trunk\08_编码及单元测试\3rdparty\zlib-1.2.8\build-msvc2013\zlibstatic.dir\debug\zlibstatic.tlog\custombuild.command.1.tlog
e:\_svn\07_c++组\c++\project\vyexamclient\trunk\08_编码及单元测试\3rdparty\zlib-1.2.8\build-msvc2013\zlibstatic.dir\debug\zlibstatic.tlog\custombuild.read.1.tlog
e:\_svn\07_c++组\c++\project\vyexamclient\trunk\08_编码及单元测试\3rdparty\zlib-1.2.8\build-msvc2013\zlibstatic.dir\debug\zlibstatic.tlog\custombuild.write.1.tlog
e:\_svn\07_c++组\c++\project\vyexamclient\trunk\08_编码及单元测试\3rdparty\zlib-1.2.8\build-msvc2013\zlibstatic.dir\debug\zlibstatic.tlog\lib-link.read.1.tlog
e:\_svn\07_c++组\c++\project\vyexamclient\trunk\08_编码及单元测试\3rdparty\zlib-1.2.8\build-msvc2013\zlibstatic.dir\debug\zlibstatic.tlog\lib-link.write.1.tlog
e:\_svn\07_c++组\c++\project\vyexamclient\trunk\08_编码及单元测试\3rdparty\zlib-1.2.8\build-msvc2013\zlibstatic.dir\debug\zlibstatic.tlog\lib.command.1.tlog
