e:\_svn\07_c++组\c++\project\vyexamclient\trunk\08_编码及单元测试\3rdparty\zlib-1.2.8\build-msvc2013\zlib.dir\debug\vc120.pdb
e:\_svn\07_c++组\c++\project\vyexamclient\trunk\08_编码及单元测试\3rdparty\zlib-1.2.8\build-msvc2013\zlib.dir\debug\zutil.obj
e:\_svn\07_c++组\c++\project\vyexamclient\trunk\08_编码及单元测试\3rdparty\zlib-1.2.8\build-msvc2013\zlib.dir\debug\uncompr.obj
e:\_svn\07_c++组\c++\project\vyexamclient\trunk\08_编码及单元测试\3rdparty\zlib-1.2.8\build-msvc2013\zlib.dir\debug\trees.obj
e:\_svn\07_c++组\c++\project\vyexamclient\trunk\08_编码及单元测试\3rdparty\zlib-1.2.8\build-msvc2013\zlib.dir\debug\inffast.obj
e:\_svn\07_c++组\c++\project\vyexamclient\trunk\08_编码及单元测试\3rdparty\zlib-1.2.8\build-msvc2013\zlib.dir\debug\inftrees.obj
e:\_svn\07_c++组\c++\project\vyexamclient\trunk\08_编码及单元测试\3rdparty\zlib-1.2.8\build-msvc2013\zlib.dir\debug\infback.obj
e:\_svn\07_c++组\c++\project\vyexamclient\trunk\08_编码及单元测试\3rdparty\zlib-1.2.8\build-msvc2013\zlib.dir\debug\inflate.obj
e:\_svn\07_c++组\c++\project\vyexamclient\trunk\08_编码及单元测试\3rdparty\zlib-1.2.8\build-msvc2013\zlib.dir\debug\gzwrite.obj
e:\_svn\07_c++组\c++\project\vyexamclient\trunk\08_编码及单元测试\3rdparty\zlib-1.2.8\build-msvc2013\zlib.dir\debug\gzread.obj
e:\_svn\07_c++组\c++\project\vyexamclient\trunk\08_编码及单元测试\3rdparty\zlib-1.2.8\build-msvc2013\zlib.dir\debug\gzlib.obj
e:\_svn\07_c++组\c++\project\vyexamclient\trunk\08_编码及单元测试\3rdparty\zlib-1.2.8\build-msvc2013\zlib.dir\debug\gzclose.obj
e:\_svn\07_c++组\c++\project\vyexamclient\trunk\08_编码及单元测试\3rdparty\zlib-1.2.8\build-msvc2013\zlib.dir\debug\deflate.obj
e:\_svn\07_c++组\c++\project\vyexamclient\trunk\08_编码及单元测试\3rdparty\zlib-1.2.8\build-msvc2013\zlib.dir\debug\crc32.obj
e:\_svn\07_c++组\c++\project\vyexamclient\trunk\08_编码及单元测试\3rdparty\zlib-1.2.8\build-msvc2013\zlib.dir\debug\compress.obj
e:\_svn\07_c++组\c++\project\vyexamclient\trunk\08_编码及单元测试\3rdparty\zlib-1.2.8\build-msvc2013\zlib.dir\debug\adler32.obj
c:\_github\zlib-1.2.8\build-msvc2013\cmakefiles\generate.stamp
e:\_svn\07_c++组\c++\project\vyexamclient\trunk\08_编码及单元测试\3rdparty\zlib-1.2.8\build-msvc2013\win32\debug\zlibd.ilk
e:\_svn\07_c++组\c++\project\vyexamclient\trunk\08_编码及单元测试\3rdparty\zlib-1.2.8\build-msvc2013\win32\debug\zlibd.dll
e:\_svn\07_c++组\c++\project\vyexamclient\trunk\08_编码及单元测试\3rdparty\zlib-1.2.8\build-msvc2013\win32\debug\zlibd.pdb
e:\_svn\07_c++组\c++\project\vyexamclient\trunk\08_编码及单元测试\3rdparty\zlib-1.2.8\build-msvc2013\zlib.dir\debug\zlib1.res
e:\_svn\07_c++组\c++\project\vyexamclient\trunk\08_编码及单元测试\3rdparty\zlib-1.2.8\build-msvc2013\win32\debug\zlibd.lib
e:\_svn\07_c++组\c++\project\vyexamclient\trunk\08_编码及单元测试\3rdparty\zlib-1.2.8\build-msvc2013\win32\debug\zlibd.exp
e:\_svn\07_c++组\c++\project\vyexamclient\trunk\08_编码及单元测试\3rdparty\zlib-1.2.8\build-msvc2013\zlib.dir\debug\zlib.tlog\cl.command.1.tlog
e:\_svn\07_c++组\c++\project\vyexamclient\trunk\08_编码及单元测试\3rdparty\zlib-1.2.8\build-msvc2013\zlib.dir\debug\zlib.tlog\cl.read.1.tlog
e:\_svn\07_c++组\c++\project\vyexamclient\trunk\08_编码及单元测试\3rdparty\zlib-1.2.8\build-msvc2013\zlib.dir\debug\zlib.tlog\cl.write.1.tlog
e:\_svn\07_c++组\c++\project\vyexamclient\trunk\08_编码及单元测试\3rdparty\zlib-1.2.8\build-msvc2013\zlib.dir\debug\zlib.tlog\custombuild.command.1.tlog
e:\_svn\07_c++组\c++\project\vyexamclient\trunk\08_编码及单元测试\3rdparty\zlib-1.2.8\build-msvc2013\zlib.dir\debug\zlib.tlog\custombuild.read.1.tlog
e:\_svn\07_c++组\c++\project\vyexamclient\trunk\08_编码及单元测试\3rdparty\zlib-1.2.8\build-msvc2013\zlib.dir\debug\zlib.tlog\custombuild.write.1.tlog
e:\_svn\07_c++组\c++\project\vyexamclient\trunk\08_编码及单元测试\3rdparty\zlib-1.2.8\build-msvc2013\zlib.dir\debug\zlib.tlog\link.command.1.tlog
e:\_svn\07_c++组\c++\project\vyexamclient\trunk\08_编码及单元测试\3rdparty\zlib-1.2.8\build-msvc2013\zlib.dir\debug\zlib.tlog\link.read.1.tlog
e:\_svn\07_c++组\c++\project\vyexamclient\trunk\08_编码及单元测试\3rdparty\zlib-1.2.8\build-msvc2013\zlib.dir\debug\zlib.tlog\link.write.1.tlog
e:\_svn\07_c++组\c++\project\vyexamclient\trunk\08_编码及单元测试\3rdparty\zlib-1.2.8\build-msvc2013\zlib.dir\debug\zlib.tlog\rc.command.1.tlog
e:\_svn\07_c++组\c++\project\vyexamclient\trunk\08_编码及单元测试\3rdparty\zlib-1.2.8\build-msvc2013\zlib.dir\debug\zlib.tlog\rc.read.1.tlog
e:\_svn\07_c++组\c++\project\vyexamclient\trunk\08_编码及单元测试\3rdparty\zlib-1.2.8\build-msvc2013\zlib.dir\debug\zlib.tlog\rc.write.1.tlog
e:\_svn\07_c++组\c++\project\vyexamclient\trunk\08_编码及单元测试\3rdparty\zlib-1.2.8\build-msvc2013\zlib.dir\debug\zlib.tlog\zlib.write.1u.tlog
